# JRE version: OpenJDK Runtime Environment (8.0_362-b08) (build 1.8.0_362-b08)
# Java VM: OpenJDK 64-Bit Server VM (25.362-b08 mixed mode windows-amd64 compressed oops)
Heap:
 PSYoungGen      total 203776K, used 72426K [0x0000012da0800000, 0x0000012db5300000, 0x0000012df5600000)
  eden space 188416K, 30% used [0x0000012da0800000,0x0000012da3fc1e28,0x0000012dac000000)
  from space 15360K, 99% used [0x0000012dac000000,0x0000012dacef8ca8,0x0000012dacf00000)
  to   space 18432K, 0% used [0x0000012db4100000,0x0000012db4100000,0x0000012db5300000)
 ParOldGen       total 128000K, used 16385K [0x0000012cf6c00000, 0x0000012cfe900000, 0x0000012da0800000)
  object space 128000K, 12% used [0x0000012cf6c00000,0x0000012cf7c00550,0x0000012cfe900000)
 Metaspace       used 47756K, capacity 50136K, committed 50352K, reserved 1093632K
  class space    used 6355K, capacity 6815K, committed 6832K, reserved 1048576K
GC Heap History (10 events):
Event: 4.217 GC heap before
{Heap before GC invocations=5 (full 1):
 PSYoungGen      total 76288K, used 65536K [0x0000012da0800000, 0x0000012da9d00000, 0x0000012df5600000)
  eden space 65536K, 100% used [0x0000012da0800000,0x0000012da4800000,0x0000012da4800000)
  from space 10752K, 0% used [0x0000012da4800000,0x0000012da4800000,0x0000012da5280000)
  to   space 10752K, 0% used [0x0000012da9280000,0x0000012da9280000,0x0000012da9d00000)
 ParOldGen       total 88576K, used 6640K [0x0000012cf6c00000, 0x0000012cfc280000, 0x0000012da0800000)
  object space 88576K, 7% used [0x0000012cf6c00000,0x0000012cf727c170,0x0000012cfc280000)
 Metaspace       used 22165K, capacity 23190K, committed 23472K, reserved 1069056K
  class space    used 2915K, capacity 3169K, committed 3248K, reserved 1048576K
Event: 4.220 GC heap after
Heap after GC invocations=5 (full 1):
 PSYoungGen      total 115712K, used 3037K [0x0000012da0800000, 0x0000012da9580000, 0x0000012df5600000)
  eden space 112640K, 0% used [0x0000012da0800000,0x0000012da0800000,0x0000012da7600000)
  from space 3072K, 98% used [0x0000012da9280000,0x0000012da9577608,0x0000012da9580000)
  to   space 10752K, 0% used [0x0000012da8080000,0x0000012da8080000,0x0000012da8b00000)
 ParOldGen       total 88576K, used 6648K [0x0000012cf6c00000, 0x0000012cfc280000, 0x0000012da0800000)
  object space 88576K, 7% used [0x0000012cf6c00000,0x0000012cf727e170,0x0000012cfc280000)
 Metaspace       used 22165K, capacity 23190K, committed 23472K, reserved 1069056K
  class space    used 2915K, capacity 3169K, committed 3248K, reserved 1048576K
}
Event: 6.374 GC heap before
{Heap before GC invocations=6 (full 1):
 PSYoungGen      total 115712K, used 115677K [0x0000012da0800000, 0x0000012da9580000, 0x0000012df5600000)
  eden space 112640K, 100% used [0x0000012da0800000,0x0000012da7600000,0x0000012da7600000)
  from space 3072K, 98% used [0x0000012da9280000,0x0000012da9577608,0x0000012da9580000)
  to   space 10752K, 0% used [0x0000012da8080000,0x0000012da8080000,0x0000012da8b00000)
 ParOldGen       total 88576K, used 6648K [0x0000012cf6c00000, 0x0000012cfc280000, 0x0000012da0800000)
  object space 88576K, 7% used [0x0000012cf6c00000,0x0000012cf727e170,0x0000012cfc280000)
 Metaspace       used 31405K, capacity 32454K, committed 32560K, reserved 1077248K
  class space    used 4125K, capacity 4349K, committed 4400K, reserved 1048576K
Event: 6.385 GC heap after
Heap after GC invocations=6 (full 1):
 PSYoungGen      total 134144K, used 10742K [0x0000012da0800000, 0x0000012dade00000, 0x0000012df5600000)
  eden space 123392K, 0% used [0x0000012da0800000,0x0000012da0800000,0x0000012da8080000)
  from space 10752K, 99% used [0x0000012da8080000,0x0000012da8afd9c0,0x0000012da8b00000)
  to   space 15360K, 0% used [0x0000012dacf00000,0x0000012dacf00000,0x0000012dade00000)
 ParOldGen       total 88576K, used 8942K [0x0000012cf6c00000, 0x0000012cfc280000, 0x0000012da0800000)
  object space 88576K, 10% used [0x0000012cf6c00000,0x0000012cf74bb928,0x0000012cfc280000)
 Metaspace       used 31405K, capacity 32454K, committed 32560K, reserved 1077248K
  class space    used 4125K, capacity 4349K, committed 4400K, reserved 1048576K
}
Event: 6.936 GC heap before
{Heap before GC invocations=7 (full 1):
 PSYoungGen      total 134144K, used 84223K [0x0000012da0800000, 0x0000012dade00000, 0x0000012df5600000)
  eden space 123392K, 59% used [0x0000012da0800000,0x0000012da4fc2570,0x0000012da8080000)
  from space 10752K, 99% used [0x0000012da8080000,0x0000012da8afd9c0,0x0000012da8b00000)
  to   space 15360K, 0% used [0x0000012dacf00000,0x0000012dacf00000,0x0000012dade00000)
 ParOldGen       total 88576K, used 8942K [0x0000012cf6c00000, 0x0000012cfc280000, 0x0000012da0800000)
  object space 88576K, 10% used [0x0000012cf6c00000,0x0000012cf74bb928,0x0000012cfc280000)
 Metaspace       used 34111K, capacity 35320K, committed 35496K, reserved 1079296K
  class space    used 4519K, capacity 4786K, committed 4912K, reserved 1048576K
Event: 6.943 GC heap after
Heap after GC invocations=7 (full 1):
 PSYoungGen      total 203776K, used 10237K [0x0000012da0800000, 0x0000012daee00000, 0x0000012df5600000)
  eden space 188416K, 0% used [0x0000012da0800000,0x0000012da0800000,0x0000012dac000000)
  from space 15360K, 66% used [0x0000012dacf00000,0x0000012dad8ff630,0x0000012dade00000)
  to   space 15360K, 0% used [0x0000012dac000000,0x0000012dac000000,0x0000012dacf00000)
 ParOldGen       total 88576K, used 8950K [0x0000012cf6c00000, 0x0000012cfc280000, 0x0000012da0800000)
  object space 88576K, 10% used [0x0000012cf6c00000,0x0000012cf74bd928,0x0000012cfc280000)
 Metaspace       used 34111K, capacity 35320K, committed 35496K, reserved 1079296K
  class space    used 4519K, capacity 4786K, committed 4912K, reserved 1048576K
}
Event: 6.943 GC heap before
{Heap before GC invocations=8 (full 2):
 PSYoungGen      total 203776K, used 10237K [0x0000012da0800000, 0x0000012daee00000, 0x0000012df5600000)
  eden space 188416K, 0% used [0x0000012da0800000,0x0000012da0800000,0x0000012dac000000)
  from space 15360K, 66% used [0x0000012dacf00000,0x0000012dad8ff630,0x0000012dade00000)
  to   space 15360K, 0% used [0x0000012dac000000,0x0000012dac000000,0x0000012dacf00000)
 ParOldGen       total 88576K, used 8950K [0x0000012cf6c00000, 0x0000012cfc280000, 0x0000012da0800000)
  object space 88576K, 10% used [0x0000012cf6c00000,0x0000012cf74bd928,0x0000012cfc280000)
 Metaspace       used 34111K, capacity 35320K, committed 35496K, reserved 1079296K
  class space    used 4519K, capacity 4786K, committed 4912K, reserved 1048576K
Event: 6.975 GC heap after
Heap after GC invocations=8 (full 2):
 PSYoungGen      total 203776K, used 0K [0x0000012da0800000, 0x0000012daee00000, 0x0000012df5600000)
  eden space 188416K, 0% used [0x0000012da0800000,0x0000012da0800000,0x0000012dac000000)
  from space 15360K, 0% used [0x0000012dacf00000,0x0000012dacf00000,0x0000012dade00000)
  to   space 15360K, 0% used [0x0000012dac000000,0x0000012dac000000,0x0000012dacf00000)
 ParOldGen       total 128000K, used 15358K [0x0000012cf6c00000, 0x0000012cfe900000, 0x0000012da0800000)
  object space 128000K, 11% used [0x0000012cf6c00000,0x0000012cf7aff8e8,0x0000012cfe900000)
 Metaspace       used 34111K, capacity 35320K, committed 35496K, reserved 1079296K
  class space    used 4519K, capacity 4786K, committed 4912K, reserved 1048576K
}
Event: 9.913 GC heap before
{Heap before GC invocations=9 (full 2):
 PSYoungGen      total 203776K, used 188416K [0x0000012da0800000, 0x0000012daee00000, 0x0000012df5600000)
  eden space 188416K, 100% used [0x0000012da0800000,0x0000012dac000000,0x0000012dac000000)
  from space 15360K, 0% used [0x0000012dacf00000,0x0000012dacf00000,0x0000012dade00000)
  to   space 15360K, 0% used [0x0000012dac000000,0x0000012dac000000,0x0000012dacf00000)
 ParOldGen       total 128000K, used 15358K [0x0000012cf6c00000, 0x0000012cfe900000, 0x0000012da0800000)
  object space 128000K, 11% used [0x0000012cf6c00000,0x0000012cf7aff8e8,0x0000012cfe900000)
 Metaspace       used 44896K, capacity 47140K, committed 47408K, reserved 1089536K
  class space    used 5942K, capacity 6405K, committed 6448K, reserved 1048576K
Event: 9.929 GC heap after
Heap after GC invocations=9 (full 2):
 PSYoungGen      total 203776K, used 15331K [0x0000012da0800000, 0x0000012db5300000, 0x0000012df5600000)
  eden space 188416K, 0% used [0x0000012da0800000,0x0000012da0800000,0x0000012dac000000)
  from space 15360K, 99% used [0x0000012dac000000,0x0000012dacef8ca8,0x0000012dacf00000)
  to   space 18432K, 0% used [0x0000012db4100000,0x0000012db4100000,0x0000012db5300000)
 ParOldGen       total 128000K, used 16385K [0x0000012cf6c00000, 0x0000012cfe900000, 0x0000012da0800000)
  object space 128000K, 12% used [0x0000012cf6c00000,0x0000012cf7c00550,0x0000012cfe900000)
 Metaspace       used 44896K, capacity 47140K, committed 47408K, reserved 1089536K
  class space    used 5942K, capacity 6405K, committed 6448K, reserved 1048576K
}

